<?xml version="1.0" encoding="UTF-8" standalone="yes"?><!DOCTYPE report PUBLIC "-//JACOCO//DTD Report 1.1//EN" "report.dtd"><report name="demo"><sessioninfo id="Kamala-48595fc6" start="1546737097865" dump="1546737098236"/><sessioninfo id="Kamala-b6e73860" start="1546737745614" dump="1546737746390"/><sessioninfo id="Kamala-48d0b84d" start="1546737794321" dump="1546737794851"/><sessioninfo id="Kamala-ceb35a8a" start="1546738017447" dump="1546738017725"/><sessioninfo id="Kamala-f10dbe03" start="1546806518201" dump="1546806519236"/><sessioninfo id="Kamala-2c584b99" start="1546808985441" dump="1546808986838"/><sessioninfo id="Kamala-a833cbcc" start="1546809020438" dump="1546809021147"/><sessioninfo id="Kamala-fe9c1ed" start="1546809133583" dump="1546809134658"/><sessioninfo id="Kamala-db8598d0" start="1546809280197" dump="1546809280676"/><sessioninfo id="Kamala-ba393d54" start="1546815164510" dump="1546815165419"/><sessioninfo id="Kamala-5925dbfa" start="1546910373320" dump="1546910374329"/><sessioninfo id="Kamala-771e78d9" start="1546912238418" dump="1546912238939"/><sessioninfo id="Kamala-250563e4" start="1546987237301" dump="1546987238634"/><sessioninfo id="Kamala-f51ae47a" start="1546987275003" dump="1546987275425"/><sessioninfo id="Kamala-114487b9" start="1546987753915" dump="1546987754322"/><sessioninfo id="Kamala-7a162986" start="1546987964562" dump="1546987965255"/><sessioninfo id="Kamala-55a740c" start="1546988499077" dump="1546988499728"/><sessioninfo id="Kamala-ba7f40c8" start="1546988953274" dump="1546988953766"/><sessioninfo id="Kamala-e344bae4" start="1546992169665" dump="1546992170278"/><sessioninfo id="Kamala-f6a9b1a2" start="1546995347167" dump="1546995347800"/><sessioninfo id="Kamala-9ea5918c" start="1547002234038" dump="1547002234580"/><sessioninfo id="Kamala-3b33cc2d" start="1547005149660" dump="1547005150191"/><sessioninfo id="Kamala-b27aa67e" start="1547005823897" dump="1547005824145"/><sessioninfo id="Kamala-ba1abc12" start="1547006243262" dump="1547006243514"/><sessioninfo id="Kamala-6c992794" start="1547006390455" dump="1547006390712"/><sessioninfo id="Kamala-390143e2" start="1547006560677" dump="1547006560945"/><sessioninfo id="Kamala-158c34c8" start="1547006570112" dump="1547006570381"/><sessioninfo id="Kamala-4042123" start="1547006842127" dump="1547006842387"/><sessioninfo id="Kamala-43f634df" start="1547006998102" dump="1547006998358"/><sessioninfo id="Kamala-ed7350ad" start="1547007212836" dump="1547007213090"/><sessioninfo id="Kamala-15ced17c" start="1547007308885" dump="1547007309140"/><sessioninfo id="Kamala-90e0887f" start="1547007609146" dump="1547007609442"/><sessioninfo id="Kamala-fb0170aa" start="1547007621136" dump="1547007621399"/><sessioninfo id="Kamala-b408f606" start="1547007706211" dump="1547007706471"/><sessioninfo id="Kamala-8d723e95" start="1547007811144" dump="1547007811400"/><sessioninfo id="Kamala-5bed8b4d" start="1547008638754" dump="1547008639009"/><sessioninfo id="Kamala-7a3085fa" start="1547008750526" dump="1547008750781"/><sessioninfo id="Kamala-869095fe" start="1547009025739" dump="1547009026024"/><sessioninfo id="Kamala-7e7bde2e" start="1547009087451" dump="1547009087710"/><sessioninfo id="Kamala-ea0ed601" start="1547009342727" dump="1547009343217"/><sessioninfo id="Kamala-e61fdcf7" start="1547009508944" dump="1547009509325"/><sessioninfo id="Kamala-dc83658" start="1547009755564" dump="1547009755938"/><sessioninfo id="Kamala-408ab5c5" start="1547010102084" dump="1547010102432"/><sessioninfo id="Kamala-b63d81dc" start="1547010336159" dump="1547010336726"/><sessioninfo id="Kamala-687f5a05" start="1547010431559" dump="1547010431962"/><sessioninfo id="Kamala-244f9f32" start="1547010697948" dump="1547010698396"/><sessioninfo id="Kamala-3eac8798" start="1547010773459" dump="1547010773846"/><sessioninfo id="Kamala-30600562" start="1547061055068" dump="1547061056079"/><sessioninfo id="Kamala-baac67be" start="1547061448484" dump="1547061449062"/><sessioninfo id="Kamala-2aabd7" start="1547061999209" dump="1547061999608"/><sessioninfo id="Kamala-69c01473" start="1547062534651" dump="1547062535288"/><sessioninfo id="Kamala-a60f333c" start="1547062687261" dump="1547062687744"/><sessioninfo id="Kamala-8ae8278c" start="1547062980080" dump="1547062980611"/><sessioninfo id="Kamala-49129539" start="1547063248395" dump="1547063248776"/><sessioninfo id="Kamala-811edd63" start="1547063637214" dump="1547063637624"/><sessioninfo id="Kamala-191ee219" start="1547152798854" dump="1547152800563"/><sessioninfo id="Kamala-10e0ef05" start="1547321400099" dump="1547321401019"/><sessioninfo id="Kamala-e4b96b50" start="1547409494604" dump="1547409495234"/><sessioninfo id="Kamala-d5df6112" start="1547409611293" dump="1547409611567"/><sessioninfo id="Kamala-d9f29204" start="1547499987419" dump="1547499988419"/><sessioninfo id="Kamala-90a84fe3" start="1547500233423" dump="1547500233861"/><sessioninfo id="Kamala-da76663a" start="1547504848654" dump="1547504849225"/><sessioninfo id="Kamala-86221163" start="1547509658193" dump="1547509659198"/><sessioninfo id="Kamala-afd083ff" start="1547509937672" dump="1547509938354"/><sessioninfo id="Kamala-ad376218" start="1547511758580" dump="1547511759309"/><sessioninfo id="Kamala-9749b14c" start="1547511949764" dump="1547511950434"/><sessioninfo id="Kamala-c05b7370" start="1547518246286" dump="1547518246818"/><sessioninfo id="Kamala-e8358b47" start="1547518503871" dump="1547518504189"/><sessioninfo id="Kamala-34b7e0f4" start="1547518569152" dump="1547518569490"/><sessioninfo id="Kamala-cdfc4edf" start="1547518640387" dump="1547518640803"/><sessioninfo id="Kamala-4174b9d2" start="1547518763916" dump="1547518764197"/><sessioninfo id="Kamala-73ab212" start="1547519343566" dump="1547519343833"/><sessioninfo id="Kamala-aa1836b2" start="1547519971297" dump="1547519971656"/><sessioninfo id="Kamala-c7460b36" start="1547526384708" dump="1547526385282"/><sessioninfo id="Kamala-caf85255" start="1547526664495" dump="1547526664785"/><sessioninfo id="Kamala-a39ca907" start="1547527298776" dump="1547527299040"/><sessioninfo id="Kamala-ff2b4a0d" start="1547580726300" dump="1547580727566"/><sessioninfo id="Kamala-fd6771bf" start="1547582167960" dump="1547582168363"/><sessioninfo id="Kamala-da078259" start="1547584434948" dump="1547584436136"/><sessioninfo id="Kamala-7d13c965" start="1547585308933" dump="1547585309301"/><sessioninfo id="Kamala-e88d82c1" start="1547585639864" dump="1547585640352"/><sessioninfo id="Kamala-dee24b79" start="1547586744938" dump="1547586745309"/><sessioninfo id="Kamala-9f21d728" start="1547587223927" dump="1547587224367"/><sessioninfo id="Kamala-74efa744" start="1547842247398" dump="1547842248178"/><sessioninfo id="Kamala-b9f2d293" start="1547842908446" dump="1547842908961"/><sessioninfo id="Kamala-552ac3fd" start="1547849886226" dump="1547849886532"/><sessioninfo id="Kamala-d4efee9" start="1548024044202" dump="1548024045469"/><sessioninfo id="Kamala-b57ad5a6" start="1548183329926" dump="1548183330775"/><sessioninfo id="Kamala-fa71ee56" start="1548185433591" dump="1548185434512"/><sessioninfo id="Kamala-e2e777d7" start="1548221216138" dump="1548221216791"/><sessioninfo id="Kamala-8cad16d7" start="1548221302249" dump="1548221302519"/><sessioninfo id="Kamala-d1f0638f" start="1548221878433" dump="1548221878721"/><sessioninfo id="Kamala-4b835b26" start="1548222714671" dump="1548222715070"/><sessioninfo id="Kamala-d2f3e5b" start="1548223020693" dump="1548223020973"/><sessioninfo id="Kamala-5f8c3887" start="1548223410199" dump="1548223410531"/><sessioninfo id="Kamala-db265b82" start="1548224997644" dump="1548224998243"/><sessioninfo id="Kamala-cc3ad869" start="1548225269790" dump="1548225270070"/><sessioninfo id="Kamala-edc1bd7c" start="1548225354338" dump="1548225354679"/><sessioninfo id="Kamala-3950b236" start="1548225507958" dump="1548225508297"/><sessioninfo id="Kamala-d49ffcbf" start="1548225605567" dump="1548225605877"/><sessioninfo id="Kamala-cf4a400c" start="1548226309217" dump="1548226309579"/><sessioninfo id="Kamala-95e9a0ad" start="1548226712398" dump="1548226712697"/><sessioninfo id="Kamala-838982f9" start="1548227038099" dump="1548227038621"/><sessioninfo id="Kamala-3f405732" start="1548227376154" dump="1548227376480"/><sessioninfo id="Kamala-243c9891" start="1548230050790" dump="1548230051356"/><sessioninfo id="Kamala-defff63e" start="1548801691614" dump="1548801692744"/><sessioninfo id="Kamala-2586a00e" start="1548801747733" dump="1548801748147"/><sessioninfo id="Kamala-9b3ef9cc" start="1548802977988" dump="1548802978403"/><sessioninfo id="Kamala-aac424ae" start="1548948164360" dump="1548948165360"/><sessioninfo id="Kamala-ef0724b1" start="1548948766189" dump="1548948766839"/><sessioninfo id="Kamala-46a986aa" start="1548949308054" dump="1548949308495"/><sessioninfo id="Kamala-c065e019" start="1548974316684" dump="1548974317627"/><sessioninfo id="Kamala-db6d25f" start="1548977582581" dump="1548977584097"/><sessioninfo id="Kamala-b28ecf4" start="1550182058382" dump="1550182059754"/><sessioninfo id="Diana-a92ada0c" start="1558646071978" dump="1558646072535"/><sessioninfo id="Diana-d410231d" start="1558647754849" dump="1558647755230"/><sessioninfo id="Diana-d459a495" start="1558648800220" dump="1558648800687"/><sessioninfo id="Diana-be8ef6b1" start="1558649099958" dump="1558649100374"/><sessioninfo id="Diana-12806f11" start="1558649903091" dump="1558649903451"/><sessioninfo id="Diana-f50b8015" start="1558650282535" dump="1558650282890"/><sessioninfo id="Diana-47cb8976" start="1558650411197" dump="1558650411590"/><sessioninfo id="Diana-1e08b41f" start="1558650595719" dump="1558650596073"/><sessioninfo id="Diana-398b34aa" start="1558650696296" dump="1558650696720"/><sessioninfo id="Diana-3376a5d0" start="1558651053074" dump="1558651053479"/><sessioninfo id="Diana-769bd64b" start="1558729666695" dump="1558729667241"/><sessioninfo id="Diana-de43e67d" start="1558732675544" dump="1558732675925"/><sessioninfo id="Diana-8515d25" start="1558733544289" dump="1558733544705"/><sessioninfo id="Diana-4331b563" start="1558733827255" dump="1558733827613"/><sessioninfo id="Diana-4bfd5d1" start="1558737561272" dump="1558737561852"/><sessioninfo id="Diana-44465701" start="1558740096512" dump="1558740096973"/><sessioninfo id="Diana-5555fbb0" start="1558740205936" dump="1558740206533"/><sessioninfo id="Diana-2041f283" start="1558740453291" dump="1558740453661"/><sessioninfo id="Diana-6e9d3307" start="1558749459414" dump="1558749459787"/><sessioninfo id="Diana-2622281e" start="1558749650811" dump="1558749651216"/><sessioninfo id="Diana-6cb89ed9" start="1558749910860" dump="1558749911224"/><sessioninfo id="Diana-44907191" start="1558750121077" dump="1558750121453"/><sessioninfo id="Diana-268ce4ce" start="1558750882491" dump="1558750882869"/><sessioninfo id="Diana-fc96584f" start="1558751423529" dump="1558751423901"/><sessioninfo id="Diana-68b134e" start="1558751771857" dump="1558751772224"/><package name="com/rictor/demo"><class name="com/rictor/demo/Broadcast" sourcefilename="Broadcast.java"><method name="&lt;init&gt;" desc="(Lcom/rictor/demo/Game;Z)V" line="25"><counter type="INSTRUCTION" missed="69" covered="0"/><counter type="LINE" missed="19" covered="0"/><counter type="COMPLEXITY" missed="1" covered="0"/><counter type="METHOD" missed="1" covered="0"/></method><counter type="INSTRUCTION" missed="69" covered="0"/><counter type="LINE" missed="19" covered="0"/><counter type="COMPLEXITY" missed="1" covered="0"/><counter type="METHOD" missed="1" covered="0"/><counter type="CLASS" missed="1" covered="0"/></class><class name="com/rictor/demo/Session" sourcefilename="Session.java"><method name="&lt;init&gt;" desc="(Lcom/rictor/demo/WebsocketServer;)V" line="9"><counter type="INSTRUCTION" missed="11" covered="0"/><counter type="LINE" missed="4" covered="0"/><counter type="COMPLEXITY" missed="1" covered="0"/><counter type="METHOD" missed="1" covered="0"/></method><method name="run" desc="()V" line="16"><counter type="INSTRUCTION" missed="8" covered="0"/><counter type="LINE" missed="2" covered="0"/><counter type="COMPLEXITY" missed="1" covered="0"/><counter type="METHOD" missed="1" covered="0"/></method><counter type="INSTRUCTION" missed="19" covered="0"/><counter type="LINE" missed="6" covered="0"/><counter type="COMPLEXITY" missed="2" covered="0"/><counter type="METHOD" missed="2" covered="0"/><counter type="CLASS" missed="1" covered="0"/></class><class name="com/rictor/demo/Game" sourcefilename="Game.java"><method name="&lt;init&gt;" desc="()V" line="18"><counter type="INSTRUCTION" missed="0" covered="28"/><counter type="LINE" missed="0" covered="9"/><counter type="COMPLEXITY" missed="0" covered="1"/><counter type="METHOD" missed="0" covered="1"/></method><method name="&lt;init&gt;" desc="(Lcom/rictor/demo/WebsocketServer;)V" line="18"><counter type="INSTRUCTION" missed="47" covered="0"/><counter type="LINE" missed="12" covered="0"/><counter type="COMPLEXITY" missed="1" covered="0"/><counter type="METHOD" missed="1" covered="0"/></method><method name="broadcast" desc="()V" line="60"><counter type="INSTRUCTION" missed="4" covered="0"/><counter type="LINE" missed="2" covered="0"/><counter type="COMPLEXITY" missed="1" covered="0"/><counter type="METHOD" missed="1" covered="0"/></method><method name="readFile" desc="(Ljava/lang/String;)V" line="64"><counter type="INSTRUCTION" missed="5" covered="83"/><counter type="BRANCH" missed="0" covered="6"/><counter type="LINE" missed="2" covered="15"/><counter type="COMPLEXITY" missed="0" covered="4"/><counter type="METHOD" missed="0" covered="1"/></method><method name="allSubmitted" desc="()Z" line="86"><counter type="INSTRUCTION" missed="23" covered="0"/><counter type="BRANCH" missed="6" covered="0"/><counter type="LINE" missed="4" covered="0"/><counter type="COMPLEXITY" missed="4" covered="0"/><counter type="METHOD" missed="1" covered="0"/></method><method name="addPlayer" desc="(Ljava/lang/String;Lorg/java_websocket/WebSocket;)V" line="93"><counter type="INSTRUCTION" missed="86" covered="0"/><counter type="BRANCH" missed="4" covered="0"/><counter type="LINE" missed="11" covered="0"/><counter type="COMPLEXITY" missed="3" covered="0"/><counter type="METHOD" missed="1" covered="0"/></method><method name="removePlayer" desc="(I)V" line="107"><counter type="INSTRUCTION" missed="18" covered="0"/><counter type="LINE" missed="4" covered="0"/><counter type="COMPLEXITY" missed="1" covered="0"/><counter type="METHOD" missed="1" covered="0"/></method><method name="startGame" desc="(S)V" line="114"><counter type="INSTRUCTION" missed="19" covered="0"/><counter type="LINE" missed="6" covered="0"/><counter type="COMPLEXITY" missed="1" covered="0"/><counter type="METHOD" missed="1" covered="0"/></method><method name="choice" desc="()V" line="122"><counter type="INSTRUCTION" missed="93" covered="0"/><counter type="BRANCH" missed="4" covered="0"/><counter type="LINE" missed="14" covered="0"/><counter type="COMPLEXITY" missed="3" covered="0"/><counter type="METHOD" missed="1" covered="0"/></method><method name="setQuote" desc="([Ljava/lang/String;I)V" line="139"><counter type="INSTRUCTION" missed="84" covered="0"/><counter type="BRANCH" missed="4" covered="0"/><counter type="LINE" missed="16" covered="0"/><counter type="COMPLEXITY" missed="3" covered="0"/><counter type="METHOD" missed="1" covered="0"/></method><method name="awardBonus" desc="(I)V" line="158"><counter type="INSTRUCTION" missed="13" covered="0"/><counter type="BRANCH" missed="2" covered="0"/><counter type="LINE" missed="2" covered="0"/><counter type="COMPLEXITY" missed="2" covered="0"/><counter type="METHOD" missed="1" covered="0"/></method><method name="showResults" desc="()V" line="161"><counter type="INSTRUCTION" missed="6" covered="0"/><counter type="LINE" missed="3" covered="0"/><counter type="COMPLEXITY" missed="1" covered="0"/><counter type="METHOD" missed="1" covered="0"/></method><method name="vote" desc="(II)V" line="166"><counter type="INSTRUCTION" missed="83" covered="0"/><counter type="BRANCH" missed="14" covered="0"/><counter type="LINE" missed="13" covered="0"/><counter type="COMPLEXITY" missed="8" covered="0"/><counter type="METHOD" missed="1" covered="0"/></method><method name="nextRound" desc="()V" line="184"><counter type="INSTRUCTION" missed="45" covered="0"/><counter type="BRANCH" missed="4" covered="0"/><counter type="LINE" missed="9" covered="0"/><counter type="COMPLEXITY" missed="3" covered="0"/><counter type="METHOD" missed="1" covered="0"/></method><method name="endGame" desc="()V" line="197"><counter type="INSTRUCTION" missed="10" covered="0"/><counter type="LINE" missed="4" covered="0"/><counter type="COMPLEXITY" missed="1" covered="0"/><counter type="METHOD" missed="1" covered="0"/></method><method name="reset" desc="()V" line="203"><counter type="INSTRUCTION" missed="50" covered="0"/><counter type="BRANCH" missed="2" covered="0"/><counter type="LINE" missed="13" covered="0"/><counter type="COMPLEXITY" missed="2" covered="0"/><counter type="METHOD" missed="1" covered="0"/></method><method name="shuffleArray" desc="([[Ljava/lang/String;)V" line="220"><counter type="INSTRUCTION" missed="34" covered="0"/><counter type="BRANCH" missed="2" covered="0"/><counter type="LINE" missed="7" covered="0"/><counter type="COMPLEXITY" missed="2" covered="0"/><counter type="METHOD" missed="1" covered="0"/></method><counter type="INSTRUCTION" missed="620" covered="111"/><counter type="BRANCH" missed="42" covered="6"/><counter type="LINE" missed="118" covered="24"/><counter type="COMPLEXITY" missed="36" covered="5"/><counter type="METHOD" missed="15" covered="2"/><counter type="CLASS" missed="0" covered="1"/></class><class name="com/rictor/demo/App" sourcefilename="App.java"><method name="&lt;init&gt;" desc="()V" line="3"><counter type="INSTRUCTION" missed="3" covered="0"/><counter type="LINE" missed="1" covered="0"/><counter type="COMPLEXITY" missed="1" covered="0"/><counter type="METHOD" missed="1" covered="0"/></method><method name="main" desc="([Ljava/lang/String;)V" line="7"><counter type="INSTRUCTION" missed="7" covered="0"/><counter type="LINE" missed="3" covered="0"/><counter type="COMPLEXITY" missed="1" covered="0"/><counter type="METHOD" missed="1" covered="0"/></method><counter type="INSTRUCTION" missed="10" covered="0"/><counter type="LINE" missed="4" covered="0"/><counter type="COMPLEXITY" missed="2" covered="0"/><counter type="METHOD" missed="2" covered="0"/><counter type="CLASS" missed="1" covered="0"/></class><class name="com/rictor/demo/Player" sourcefilename="Player.java"><method name="&lt;init&gt;" desc="(SLjava/lang/String;Lorg/java_websocket/WebSocket;)V" line="13"><counter type="INSTRUCTION" missed="18" covered="0"/><counter type="LINE" missed="6" covered="0"/><counter type="COMPLEXITY" missed="1" covered="0"/><counter type="METHOD" missed="1" covered="0"/></method><method name="sendMessage" desc="(Ljava/lang/String;)V" line="21"><counter type="INSTRUCTION" missed="20" covered="0"/><counter type="LINE" missed="3" covered="0"/><counter type="COMPLEXITY" missed="1" covered="0"/><counter type="METHOD" missed="1" covered="0"/></method><counter type="INSTRUCTION" missed="38" covered="0"/><counter type="LINE" missed="9" covered="0"/><counter type="COMPLEXITY" missed="2" covered="0"/><counter type="METHOD" missed="2" covered="0"/><counter type="CLASS" missed="1" covered="0"/></class><class name="com/rictor/demo/Request" sourcefilename="Request.java"><method name="&lt;init&gt;" desc="()V" line="3"><counter type="INSTRUCTION" missed="3" covered="0"/><counter type="LINE" missed="1" covered="0"/><counter type="COMPLEXITY" missed="1" covered="0"/><counter type="METHOD" missed="1" covered="0"/></method><counter type="INSTRUCTION" missed="3" covered="0"/><counter type="LINE" missed="1" covered="0"/><counter type="COMPLEXITY" missed="1" covered="0"/><counter type="METHOD" missed="1" covered="0"/><counter type="CLASS" missed="1" covered="0"/></class><class name="com/rictor/demo/WebsocketServer$1" sourcefilename="WebsocketServer.java"><method name="&lt;init&gt;" desc="(Lcom/rictor/demo/WebsocketServer;)V" line="115"><counter type="INSTRUCTION" missed="6" covered="0"/><counter type="LINE" missed="1" covered="0"/><counter type="COMPLEXITY" missed="1" covered="0"/><counter type="METHOD" missed="1" covered="0"/></method><method name="run" desc="()V" line="118"><counter type="INSTRUCTION" missed="24" covered="0"/><counter type="BRANCH" missed="2" covered="0"/><counter type="LINE" missed="7" covered="0"/><counter type="COMPLEXITY" missed="2" covered="0"/><counter type="METHOD" missed="1" covered="0"/></method><counter type="INSTRUCTION" missed="30" covered="0"/><counter type="BRANCH" missed="2" covered="0"/><counter type="LINE" missed="8" covered="0"/><counter type="COMPLEXITY" missed="3" covered="0"/><counter type="METHOD" missed="2" covered="0"/><counter type="CLASS" missed="1" covered="0"/></class><class name="com/rictor/demo/WebsocketServer" sourcefilename="WebsocketServer.java"><method name="&lt;init&gt;" desc="()V" line="20"><counter type="INSTRUCTION" missed="19" covered="0"/><counter type="LINE" missed="5" covered="0"/><counter type="COMPLEXITY" missed="1" covered="0"/><counter type="METHOD" missed="1" covered="0"/></method><method name="newGame" desc="()V" line="33"><counter type="INSTRUCTION" missed="7" covered="0"/><counter type="LINE" missed="2" covered="0"/><counter type="COMPLEXITY" missed="1" covered="0"/><counter type="METHOD" missed="1" covered="0"/></method><method name="broadcast" desc="()V" line="37"><counter type="INSTRUCTION" missed="4" covered="0"/><counter type="LINE" missed="2" covered="0"/><counter type="COMPLEXITY" missed="1" covered="0"/><counter type="METHOD" missed="1" covered="0"/></method><method name="broadcast" desc="(Z)V" line="41"><counter type="INSTRUCTION" missed="34" covered="0"/><counter type="BRANCH" missed="4" covered="0"/><counter type="LINE" missed="7" covered="0"/><counter type="COMPLEXITY" missed="3" covered="0"/><counter type="METHOD" missed="1" covered="0"/></method><method name="onOpen" desc="(Lorg/java_websocket/WebSocket;Lorg/java_websocket/handshake/ClientHandshake;)V" line="51"><counter type="INSTRUCTION" missed="21" covered="0"/><counter type="LINE" missed="4" covered="0"/><counter type="COMPLEXITY" missed="1" covered="0"/><counter type="METHOD" missed="1" covered="0"/></method><method name="onClose" desc="(Lorg/java_websocket/WebSocket;ILjava/lang/String;Z)V" line="58"><counter type="INSTRUCTION" missed="9" covered="0"/><counter type="LINE" missed="3" covered="0"/><counter type="COMPLEXITY" missed="1" covered="0"/><counter type="METHOD" missed="1" covered="0"/></method><method name="onMessage" desc="(Lorg/java_websocket/WebSocket;Ljava/lang/String;)V" line="64"><counter type="INSTRUCTION" missed="17" covered="0"/><counter type="LINE" missed="4" covered="0"/><counter type="COMPLEXITY" missed="1" covered="0"/><counter type="METHOD" missed="1" covered="0"/></method><method name="onError" desc="(Lorg/java_websocket/WebSocket;Ljava/lang/Exception;)V" line="71"><counter type="INSTRUCTION" missed="30" covered="0"/><counter type="BRANCH" missed="2" covered="0"/><counter type="LINE" missed="7" covered="0"/><counter type="COMPLEXITY" missed="2" covered="0"/><counter type="METHOD" missed="1" covered="0"/></method><method name="timeOut" desc="()V" line="81"><counter type="INSTRUCTION" missed="102" covered="0"/><counter type="BRANCH" missed="13" covered="0"/><counter type="LINE" missed="21" covered="0"/><counter type="COMPLEXITY" missed="9" covered="0"/><counter type="METHOD" missed="1" covered="0"/></method><method name="timer" desc="()V" line="112"><counter type="INSTRUCTION" missed="25" covered="0"/><counter type="BRANCH" missed="2" covered="0"/><counter type="LINE" missed="5" covered="0"/><counter type="COMPLEXITY" missed="2" covered="0"/><counter type="METHOD" missed="1" covered="0"/></method><method name="handleRequest" desc="(Lorg/java_websocket/WebSocket;Ljava/lang/String;)V" line="134"><counter type="INSTRUCTION" missed="105" covered="0"/><counter type="BRANCH" missed="13" covered="0"/><counter type="LINE" missed="17" covered="0"/><counter type="COMPLEXITY" missed="12" covered="0"/><counter type="METHOD" missed="1" covered="0"/></method><method name="&lt;clinit&gt;" desc="()V" line="22"><counter type="INSTRUCTION" missed="3" covered="0"/><counter type="LINE" missed="1" covered="0"/><counter type="COMPLEXITY" missed="1" covered="0"/><counter type="METHOD" missed="1" covered="0"/></method><counter type="INSTRUCTION" missed="376" covered="0"/><counter type="BRANCH" missed="34" covered="0"/><counter type="LINE" missed="78" covered="0"/><counter type="COMPLEXITY" missed="35" covered="0"/><counter type="METHOD" missed="12" covered="0"/><counter type="CLASS" missed="1" covered="0"/></class><sourcefile name="Broadcast.java"><line nr="25" mi="2" ci="0" mb="0" cb="0"/><line nr="26" mi="3" ci="0" mb="0" cb="0"/><line nr="27" mi="4" ci="0" mb="0" cb="0"/><line nr="28" mi="4" ci="0" mb="0" cb="0"/><line nr="29" mi="4" ci="0" mb="0" cb="0"/><line nr="30" mi="4" ci="0" mb="0" cb="0"/><line nr="31" mi="4" ci="0" mb="0" cb="0"/><line nr="32" mi="4" ci="0" mb="0" cb="0"/><line nr="33" mi="4" ci="0" mb="0" cb="0"/><line nr="34" mi="4" ci="0" mb="0" cb="0"/><line nr="35" mi="4" ci="0" mb="0" cb="0"/><line nr="36" mi="4" ci="0" mb="0" cb="0"/><line nr="37" mi="4" ci="0" mb="0" cb="0"/><line nr="38" mi="4" ci="0" mb="0" cb="0"/><line nr="39" mi="4" ci="0" mb="0" cb="0"/><line nr="40" mi="4" ci="0" mb="0" cb="0"/><line nr="41" mi="4" ci="0" mb="0" cb="0"/><line nr="42" mi="3" ci="0" mb="0" cb="0"/><line nr="43" mi="1" ci="0" mb="0" cb="0"/><counter type="INSTRUCTION" missed="69" covered="0"/><counter type="LINE" missed="19" covered="0"/><counter type="COMPLEXITY" missed="1" covered="0"/><counter type="METHOD" missed="1" covered="0"/><counter type="CLASS" missed="1" covered="0"/></sourcefile><sourcefile name="Request.java"><line nr="3" mi="3" ci="0" mb="0" cb="0"/><counter type="INSTRUCTION" missed="3" covered="0"/><counter type="LINE" missed="1" covered="0"/><counter type="COMPLEXITY" missed="1" covered="0"/><counter type="METHOD" missed="1" covered="0"/><counter type="CLASS" missed="1" covered="0"/></sourcefile><sourcefile name="Game.java"><line nr="18" mi="3" ci="3" mb="0" cb="0"/><line nr="19" mi="3" ci="3" mb="0" cb="0"/><line nr="20" mi="3" ci="3" mb="0" cb="0"/><line nr="22" mi="3" ci="3" mb="0" cb="0"/><line nr="46" mi="0" ci="2" mb="0" cb="0"/><line nr="47" mi="0" ci="3" mb="0" cb="0"/><line nr="48" mi="0" ci="5" mb="0" cb="0"/><line nr="49" mi="0" ci="5" mb="0" cb="0"/><line nr="50" mi="0" ci="1" mb="0" cb="0"/><line nr="51" mi="2" ci="0" mb="0" cb="0"/><line nr="52" mi="3" ci="0" mb="0" cb="0"/><line nr="53" mi="3" ci="0" mb="0" cb="0"/><line nr="54" mi="5" ci="0" mb="0" cb="0"/><line nr="55" mi="5" ci="0" mb="0" cb="0"/><line nr="56" mi="3" ci="0" mb="0" cb="0"/><line nr="57" mi="13" ci="0" mb="0" cb="0"/><line nr="58" mi="1" ci="0" mb="0" cb="0"/><line nr="60" mi="3" ci="0" mb="0" cb="0"/><line nr="61" mi="1" ci="0" mb="0" cb="0"/><line nr="64" mi="0" ci="5" mb="0" cb="0"/><line nr="65" mi="0" ci="4" mb="0" cb="0"/><line nr="66" mi="0" ci="4" mb="0" cb="0"/><line nr="67" mi="0" ci="4" mb="0" cb="0"/><line nr="68" mi="0" ci="5" mb="0" cb="0"/><line nr="69" mi="0" ci="7" mb="0" cb="2"/><line nr="70" mi="0" ci="7" mb="0" cb="2"/><line nr="71" mi="0" ci="8" mb="0" cb="0"/><line nr="73" mi="0" ci="7" mb="0" cb="0"/><line nr="75" mi="0" ci="6" mb="0" cb="0"/><line nr="76" mi="1" ci="0" mb="0" cb="0"/><line nr="77" mi="4" ci="0" mb="0" cb="0"/><line nr="78" mi="0" ci="1" mb="0" cb="0"/><line nr="79" mi="0" ci="3" mb="0" cb="0"/><line nr="80" mi="0" ci="17" mb="0" cb="2"/><line nr="81" mi="0" ci="4" mb="0" cb="0"/><line nr="83" mi="0" ci="1" mb="0" cb="0"/><line nr="86" mi="9" ci="0" mb="2" cb="0"/><line nr="87" mi="5" ci="0" mb="2" cb="0"/><line nr="88" mi="7" ci="0" mb="2" cb="0"/><line nr="90" mi="2" ci="0" mb="0" cb="0"/><line nr="93" mi="20" ci="0" mb="4" cb="0"/><line nr="94" mi="3" ci="0" mb="0" cb="0"/><line nr="95" mi="10" ci="0" mb="0" cb="0"/><line nr="96" mi="1" ci="0" mb="0" cb="0"/><line nr="98" mi="8" ci="0" mb="0" cb="0"/><line nr="99" mi="7" ci="0" mb="0" cb="0"/><line nr="100" mi="5" ci="0" mb="0" cb="0"/><line nr="101" mi="5" ci="0" mb="0" cb="0"/><line nr="102" mi="12" ci="0" mb="0" cb="0"/><line nr="103" mi="14" ci="0" mb="0" cb="0"/><line nr="104" mi="1" ci="0" mb="0" cb="0"/><line nr="107" mi="5" ci="0" mb="0" cb="0"/><line nr="108" mi="5" ci="0" mb="0" cb="0"/><line nr="109" mi="7" ci="0" mb="0" cb="0"/><line nr="110" mi="1" ci="0" mb="0" cb="0"/><line nr="114" mi="5" ci="0" mb="0" cb="0"/><line nr="115" mi="5" ci="0" mb="0" cb="0"/><line nr="116" mi="3" ci="0" mb="0" cb="0"/><line nr="117" mi="3" ci="0" mb="0" cb="0"/><line nr="118" mi="2" ci="0" mb="0" cb="0"/><line nr="119" mi="1" ci="0" mb="0" cb="0"/><line nr="122" mi="3" ci="0" mb="0" cb="0"/><line nr="123" mi="3" ci="0" mb="0" cb="0"/><line nr="124" mi="4" ci="0" mb="0" cb="0"/><line nr="125" mi="5" ci="0" mb="0" cb="0"/><line nr="126" mi="9" ci="0" mb="2" cb="0"/><line nr="127" mi="6" ci="0" mb="0" cb="0"/><line nr="128" mi="5" ci="0" mb="2" cb="0"/><line nr="129" mi="26" ci="0" mb="0" cb="0"/><line nr="130" mi="7" ci="0" mb="0" cb="0"/><line nr="132" mi="8" ci="0" mb="0" cb="0"/><line nr="133" mi="5" ci="0" mb="0" cb="0"/><line nr="135" mi="6" ci="0" mb="0" cb="0"/><line nr="136" mi="5" ci="0" mb="0" cb="0"/><line nr="137" mi="1" ci="0" mb="0" cb="0"/><line nr="139" mi="11" ci="0" mb="0" cb="0"/><line nr="140" mi="24" ci="0" mb="0" cb="0"/><line nr="141" mi="5" ci="0" mb="0" cb="0"/><line nr="142" mi="5" ci="0" mb="0" cb="0"/><line nr="143" mi="3" ci="0" mb="2" cb="0"/><line nr="144" mi="3" ci="0" mb="0" cb="0"/><line nr="145" mi="3" ci="0" mb="0" cb="0"/><line nr="146" mi="3" ci="0" mb="0" cb="0"/><line nr="148" mi="3" ci="0" mb="2" cb="0"/><line nr="149" mi="3" ci="0" mb="0" cb="0"/><line nr="150" mi="5" ci="0" mb="0" cb="0"/><line nr="151" mi="3" ci="0" mb="0" cb="0"/><line nr="152" mi="3" ci="0" mb="0" cb="0"/><line nr="154" mi="6" ci="0" mb="0" cb="0"/><line nr="155" mi="3" ci="0" mb="0" cb="0"/><line nr="156" mi="1" ci="0" mb="0" cb="0"/><line nr="158" mi="12" ci="0" mb="2" cb="0"/><line nr="159" mi="1" ci="0" mb="0" cb="0"/><line nr="161" mi="3" ci="0" mb="0" cb="0"/><line nr="162" mi="2" ci="0" mb="0" cb="0"/><line nr="163" mi="1" ci="0" mb="0" cb="0"/><line nr="166" mi="5" ci="0" mb="0" cb="0"/><line nr="168" mi="4" ci="0" mb="2" cb="0"/><line nr="169" mi="8" ci="0" mb="0" cb="0"/><line nr="170" mi="4" ci="0" mb="0" cb="0"/><line nr="172" mi="4" ci="0" mb="2" cb="0"/><line nr="173" mi="8" ci="0" mb="0" cb="0"/><line nr="174" mi="11" ci="0" mb="2" cb="0"/><line nr="175" mi="3" ci="0" mb="2" cb="0"/><line nr="176" mi="12" ci="0" mb="2" cb="0"/><line nr="177" mi="8" ci="0" mb="2" cb="0"/><line nr="178" mi="13" ci="0" mb="2" cb="0"/><line nr="180" mi="2" ci="0" mb="0" cb="0"/><line nr="182" mi="1" ci="0" mb="0" cb="0"/><line nr="184" mi="3" ci="0" mb="0" cb="0"/><line nr="185" mi="5" ci="0" mb="0" cb="0"/><line nr="186" mi="3" ci="0" mb="0" cb="0"/><line nr="187" mi="6" ci="0" mb="0" cb="0"/><line nr="188" mi="7" ci="0" mb="0" cb="0"/><line nr="190" mi="10" ci="0" mb="2" cb="0"/><line nr="192" mi="8" ci="0" mb="2" cb="0"/><line nr="193" mi="2" ci="0" mb="0" cb="0"/><line nr="194" mi="1" ci="0" mb="0" cb="0"/><line nr="197" mi="3" ci="0" mb="0" cb="0"/><line nr="198" mi="3" ci="0" mb="0" cb="0"/><line nr="199" mi="3" ci="0" mb="0" cb="0"/><line nr="200" mi="1" ci="0" mb="0" cb="0"/><line nr="203" mi="8" ci="0" mb="2" cb="0"/><line nr="204" mi="5" ci="0" mb="0" cb="0"/><line nr="205" mi="5" ci="0" mb="0" cb="0"/><line nr="207" mi="3" ci="0" mb="0" cb="0"/><line nr="208" mi="3" ci="0" mb="0" cb="0"/><line nr="209" mi="3" ci="0" mb="0" cb="0"/><line nr="210" mi="3" ci="0" mb="0" cb="0"/><line nr="211" mi="6" ci="0" mb="0" cb="0"/><line nr="212" mi="3" ci="0" mb="0" cb="0"/><line nr="213" mi="3" ci="0" mb="0" cb="0"/><line nr="214" mi="3" ci="0" mb="0" cb="0"/><line nr="215" mi="4" ci="0" mb="0" cb="0"/><line nr="216" mi="1" ci="0" mb="0" cb="0"/><line nr="220" mi="4" ci="0" mb="0" cb="0"/><line nr="221" mi="9" ci="0" mb="2" cb="0"/><line nr="223" mi="6" ci="0" mb="0" cb="0"/><line nr="224" mi="4" ci="0" mb="0" cb="0"/><line nr="225" mi="6" ci="0" mb="0" cb="0"/><line nr="226" mi="4" ci="0" mb="0" cb="0"/><line nr="228" mi="1" ci="0" mb="0" cb="0"/><counter type="INSTRUCTION" missed="620" covered="111"/><counter type="BRANCH" missed="42" covered="6"/><counter type="LINE" missed="118" covered="24"/><counter type="COMPLEXITY" missed="36" covered="5"/><counter type="METHOD" missed="15" covered="2"/><counter type="CLASS" missed="0" covered="1"/></sourcefile><sourcefile name="App.java"><line nr="3" mi="3" ci="0" mb="0" cb="0"/><line nr="7" mi="4" ci="0" mb="0" cb="0"/><line nr="9" mi="2" ci="0" mb="0" cb="0"/><line nr="10" mi="1" ci="0" mb="0" cb="0"/><counter type="INSTRUCTION" missed="10" covered="0"/><counter type="LINE" missed="4" covered="0"/><counter type="COMPLEXITY" missed="2" covered="0"/><counter type="METHOD" missed="2" covered="0"/><counter type="CLASS" missed="1" covered="0"/></sourcefile><sourcefile name="Player.java"><line nr="13" mi="2" ci="0" mb="0" cb="0"/><line nr="14" mi="3" ci="0" mb="0" cb="0"/><line nr="15" mi="3" ci="0" mb="0" cb="0"/><line nr="16" mi="3" ci="0" mb="0" cb="0"/><line nr="17" mi="6" ci="0" mb="0" cb="0"/><line nr="18" mi="1" ci="0" mb="0" cb="0"/><line nr="21" mi="15" ci="0" mb="0" cb="0"/><line nr="22" mi="4" ci="0" mb="0" cb="0"/><line nr="23" mi="1" ci="0" mb="0" cb="0"/><counter type="INSTRUCTION" missed="38" covered="0"/><counter type="LINE" missed="9" covered="0"/><counter type="COMPLEXITY" missed="2" covered="0"/><counter type="METHOD" missed="2" covered="0"/><counter type="CLASS" missed="1" covered="0"/></sourcefile><sourcefile name="WebsocketServer.java"><line nr="20" mi="5" ci="0" mb="0" cb="0"/><line nr="22" mi="3" ci="0" mb="0" cb="0"/><line nr="27" mi="6" ci="0" mb="0" cb="0"/><line nr="28" mi="5" ci="0" mb="0" cb="0"/><line nr="29" mi="2" ci="0" mb="0" cb="0"/><line nr="30" mi="1" ci="0" mb="0" cb="0"/><line nr="33" mi="6" ci="0" mb="0" cb="0"/><line nr="34" mi="1" ci="0" mb="0" cb="0"/><line nr="37" mi="3" ci="0" mb="0" cb="0"/><line nr="38" mi="1" ci="0" mb="0" cb="0"/><line nr="41" mi="5" ci="0" mb="2" cb="0"/><line nr="42" mi="4" ci="0" mb="0" cb="0"/><line nr="43" mi="9" ci="0" mb="0" cb="0"/><line nr="44" mi="11" ci="0" mb="2" cb="0"/><line nr="45" mi="3" ci="0" mb="0" cb="0"/><line nr="46" mi="1" ci="0" mb="0" cb="0"/><line nr="47" mi="1" ci="0" mb="0" cb="0"/><line nr="51" mi="5" ci="0" mb="0" cb="0"/><line nr="52" mi="13" ci="0" mb="0" cb="0"/><line nr="53" mi="2" ci="0" mb="0" cb="0"/><line nr="54" mi="1" ci="0" mb="0" cb="0"/><line nr="58" mi="3" ci="0" mb="0" cb="0"/><line nr="59" mi="5" ci="0" mb="0" cb="0"/><line nr="60" mi="1" ci="0" mb="0" cb="0"/><line nr="64" mi="10" ci="0" mb="0" cb="0"/><line nr="65" mi="4" ci="0" mb="0" cb="0"/><line nr="66" mi="2" ci="0" mb="0" cb="0"/><line nr="67" mi="1" ci="0" mb="0" cb="0"/><line nr="71" mi="3" ci="0" mb="0" cb="0"/><line nr="72" mi="2" ci="0" mb="0" cb="0"/><line nr="73" mi="2" ci="0" mb="2" cb="0"/><line nr="74" mi="13" ci="0" mb="0" cb="0"/><line nr="75" mi="6" ci="0" mb="0" cb="0"/><line nr="77" mi="3" ci="0" mb="0" cb="0"/><line nr="78" mi="1" ci="0" mb="0" cb="0"/><line nr="81" mi="4" ci="0" mb="0" cb="0"/><line nr="82" mi="12" ci="0" mb="0" cb="0"/><line nr="83" mi="4" ci="0" mb="5" cb="0"/><line nr="85" mi="3" ci="0" mb="0" cb="0"/><line nr="86" mi="13" ci="0" mb="0" cb="0"/><line nr="87" mi="1" ci="0" mb="0" cb="0"/><line nr="89" mi="3" ci="0" mb="0" cb="0"/><line nr="90" mi="6" ci="0" mb="0" cb="0"/><line nr="91" mi="4" ci="0" mb="0" cb="0"/><line nr="92" mi="9" ci="0" mb="2" cb="0"/><line nr="93" mi="6" ci="0" mb="2" cb="0"/><line nr="94" mi="5" ci="0" mb="0" cb="0"/><line nr="97" mi="1" ci="0" mb="0" cb="0"/><line nr="99" mi="3" ci="0" mb="0" cb="0"/><line nr="100" mi="9" ci="0" mb="2" cb="0"/><line nr="101" mi="6" ci="0" mb="2" cb="0"/><line nr="102" mi="5" ci="0" mb="0" cb="0"/><line nr="105" mi="1" ci="0" mb="0" cb="0"/><line nr="106" mi="4" ci="0" mb="0" cb="0"/><line nr="108" mi="2" ci="0" mb="0" cb="0"/><line nr="109" mi="1" ci="0" mb="0" cb="0"/><line nr="112" mi="4" ci="0" mb="0" cb="0"/><line nr="113" mi="7" ci="0" mb="2" cb="0"/><line nr="114" mi="6" ci="0" mb="0" cb="0"/><line nr="115" mi="6" ci="0" mb="0" cb="0"/><line nr="118" mi="8" ci="0" mb="0" cb="0"/><line nr="119" mi="3" ci="0" mb="0" cb="0"/><line nr="120" mi="5" ci="0" mb="2" cb="0"/><line nr="121" mi="3" ci="0" mb="0" cb="0"/><line nr="122" mi="3" ci="0" mb="0" cb="0"/><line nr="123" mi="1" ci="0" mb="0" cb="0"/><line nr="125" mi="1" ci="0" mb="0" cb="0"/><line nr="127" mi="7" ci="0" mb="0" cb="0"/><line nr="131" mi="1" ci="0" mb="0" cb="0"/><line nr="134" mi="4" ci="0" mb="0" cb="0"/><line nr="135" mi="4" ci="0" mb="0" cb="0"/><line nr="136" mi="4" ci="0" mb="0" cb="0"/><line nr="137" mi="6" ci="0" mb="0" cb="0"/><line nr="139" mi="14" ci="0" mb="2" cb="0"/><line nr="141" mi="9" ci="0" mb="11" cb="0"/><line nr="142" mi="11" ci="0" mb="0" cb="0"/><line nr="143" mi="7" ci="0" mb="0" cb="0"/><line nr="144" mi="6" ci="0" mb="0" cb="0"/><line nr="145" mi="6" ci="0" mb="0" cb="0"/><line nr="146" mi="8" ci="0" mb="0" cb="0"/><line nr="147" mi="8" ci="0" mb="0" cb="0"/><line nr="148" mi="6" ci="0" mb="0" cb="0"/><line nr="149" mi="4" ci="0" mb="0" cb="0"/><line nr="150" mi="4" ci="0" mb="0" cb="0"/><line nr="151" mi="3" ci="0" mb="0" cb="0"/><line nr="153" mi="1" ci="0" mb="0" cb="0"/><counter type="INSTRUCTION" missed="406" covered="0"/><counter type="BRANCH" missed="36" covered="0"/><counter type="LINE" missed="86" covered="0"/><counter type="COMPLEXITY" missed="38" covered="0"/><counter type="METHOD" missed="14" covered="0"/><counter type="CLASS" missed="2" covered="0"/></sourcefile><sourcefile name="Session.java"><line nr="9" mi="5" ci="0" mb="0" cb="0"/><line nr="11" mi="2" ci="0" mb="0" cb="0"/><line nr="12" mi="3" ci="0" mb="0" cb="0"/><line nr="13" mi="1" ci="0" mb="0" cb="0"/><line nr="16" mi="7" ci="0" mb="0" cb="0"/><line nr="17" mi="1" ci="0" mb="0" cb="0"/><counter type="INSTRUCTION" missed="19" covered="0"/><counter type="LINE" missed="6" covered="0"/><counter type="COMPLEXITY" missed="2" covered="0"/><counter type="METHOD" missed="2" covered="0"/><counter type="CLASS" missed="1" covered="0"/></sourcefile><counter type="INSTRUCTION" missed="1165" covered="111"/><counter type="BRANCH" missed="78" covered="6"/><counter type="LINE" missed="243" covered="24"/><counter type="COMPLEXITY" missed="82" covered="5"/><counter type="METHOD" missed="37" covered="2"/><counter type="CLASS" missed="7" covered="1"/></package><counter type="INSTRUCTION" missed="1165" covered="111"/><counter type="BRANCH" missed="78" covered="6"/><counter type="LINE" missed="243" covered="24"/><counter type="COMPLEXITY" missed="82" covered="5"/><counter type="METHOD" missed="37" covered="2"/><counter type="CLASS" missed="7" covered="1"/></report>