GROUP,PACKAGE,CLASS,INSTRUCTION_MISSED,INSTRUCTION_COVERED,BRANCH_MISSED,BRANCH_COVERED,LINE_MISSED,LINE_COVERED,COMPLEXITY_MISSED,COMPLEXITY_COVERED,METHOD_MISSED,METHOD_COVERED
demo,com.rictor.demo,Broadcast,69,0,0,0,19,0,1,0,1,0
demo,com.rictor.demo,Session,19,0,0,0,6,0,2,0,2,0
demo,com.rictor.demo,Game,620,111,42,6,118,24,36,5,15,2
demo,com.rictor.demo,App,10,0,0,0,4,0,2,0,2,0
demo,com.rictor.demo,Player,38,0,0,0,9,0,2,0,2,0
demo,com.rictor.demo,Request,3,0,0,0,1,0,1,0,1,0
demo,com.rictor.demo,WebsocketServer.new TimerTask() {...},30,0,2,0,8,0,3,0,2,0
demo,com.rictor.demo,WebsocketServer,376,0,34,0,78,0,35,0,12,0
